<?xml version="1.0" encoding="UTF-8"?>
<!-- Generated by org.testng.reporters.JUnitXMLReporter -->
<testsuite ignored="0" hostname="MSI" failures="0" tests="6" name="Test" time="440.737" errors="0" timestamp="2023-09-06T12:16:46 IST">
  <testcase classname="com.Bestbuy.tests.BestBuySignupTest" name="signUpPage" time="42.154"/>
  <testcase classname="com.Bestbuy.tests.BestBuyMenuTest" name="menuNavigation" time="35.646"/>
  <testcase classname="com.Bestbuy.tests.BestBuyBottomPageTest" name="bottomLinkValidation" time="116.574"/>
  <testcase classname="com.Bestbuy.tests.BestBuyAddItemsTest" name="add_Items_toCart" time="148.736"/>
  <testcase classname="com.Bestbuy.tests.BestBuySignin_NegativeTest" name="signIn_invalidCredentials" time="52.011"/>
  <testcase classname="com.Bestbuy.tests.BestBuySearch_NegativeTest" name="signIn_invalidCredentials" time="44.055"/>
</testsuite> <!-- Test -->
