<?xml version="1.0" encoding="UTF-8"?>
<!-- Generated by org.testng.reporters.JUnitXMLReporter -->
<testsuite ignored="0" hostname="MSI" failures="0" tests="4" name="Test" time="362.809" errors="0" timestamp="2023-09-03T22:02:13 IST">
  <testcase classname="com.Bestbuy.tests.BestBuySignupTest" name="signUpPage" time="53.518"/>
  <testcase classname="com.Bestbuy.tests.BestBuyMenuTest" name="menuNavigation" time="38.398"/>
  <testcase classname="com.Bestbuy.tests.BestBuyBottomPageTest" name="bottomLinkValidation" time="118.541"/>
  <testcase classname="com.Bestbuy.tests.BestBuyAddItemsTest" name="add_Items_toCart" time="151.598"/>
</testsuite> <!-- Test -->
