<?xml version="1.0" encoding="UTF-8"?>
<!-- Generated by org.testng.reporters.JUnitXMLReporter -->
<testsuite ignored="0" hostname="MSI" failures="0" tests="4" name="Test1" time="308.61" errors="0" timestamp="2023-09-04T20:39:30 IST">
  <testcase classname="com.Bestbuy.tests.BestBuySignupTest" name="signUpPage" time="38.139"/>
  <testcase classname="com.Bestbuy.tests.BestBuyMenuTest" name="menuNavigation" time="38.241"/>
  <testcase classname="com.Bestbuy.tests.BestBuyBottomPageTest" name="bottomLinkValidation" time="114.401"/>
  <testcase classname="com.Bestbuy.tests.BestBuyAddItemsTest" name="add_Items_toCart" time="117.82"/>
</testsuite> <!-- Test1 -->
