<?xml version="1.0" encoding="UTF-8"?>
<testng-results ignored="0" total="2" passed="2" failed="0" skipped="0">
  <reporter-output>
  </reporter-output>
  <suite started-at="2023-09-04T21:12:39 IST" name="Suite" finished-at="2023-09-04T21:14:18 IST" duration-ms="98861">
    <groups>
      <group name="Negative">
        <method signature="BestBuySearch_NegativeTest.signIn_invalidCredentials()[pri:0, instance:com.Bestbuy.tests.BestBuySearch_NegativeTest@793f29ff]" name="signIn_invalidCredentials" class="com.Bestbuy.tests.BestBuySearch_NegativeTest"/>
        <method signature="BestBuySignin_NegativeTest.signIn_invalidCredentials()[pri:0, instance:com.Bestbuy.tests.BestBuySignin_NegativeTest@53fe15ff]" name="signIn_invalidCredentials" class="com.Bestbuy.tests.BestBuySignin_NegativeTest"/>
      </group> <!-- Negative -->
    </groups>
    <test started-at="2023-09-04T21:12:39 IST" name="Test" finished-at="2023-09-04T21:14:18 IST" duration-ms="98861">
      <class name="com.Bestbuy.tests.BestBuySignin_NegativeTest">
        <test-method signature="signIn_invalidCredentials()[pri:0, instance:com.Bestbuy.tests.BestBuySignin_NegativeTest@53fe15ff]" started-at="2023-09-04T21:12:39 IST" name="signIn_invalidCredentials" finished-at="2023-09-04T21:13:34 IST" duration-ms="55156" status="PASS">
          <reporter-output>
          </reporter-output>
        </test-method> <!-- signIn_invalidCredentials -->
      </class> <!-- com.Bestbuy.tests.BestBuySignin_NegativeTest -->
      <class name="com.Bestbuy.tests.BestBuySearch_NegativeTest">
        <test-method signature="signIn_invalidCredentials()[pri:0, instance:com.Bestbuy.tests.BestBuySearch_NegativeTest@793f29ff]" started-at="2023-09-04T21:13:34 IST" name="signIn_invalidCredentials" finished-at="2023-09-04T21:14:18 IST" duration-ms="43645" status="PASS">
          <reporter-output>
          </reporter-output>
        </test-method> <!-- signIn_invalidCredentials -->
      </class> <!-- com.Bestbuy.tests.BestBuySearch_NegativeTest -->
      <class name="com.Bestbuy.utils.Reports">
        <test-method is-config="true" signature="startReport()[pri:0, instance:com.Bestbuy.utils.Reports@4b29d1d2]" started-at="2023-09-04T21:12:39 IST" name="startReport" finished-at="2023-09-04T21:12:39 IST" duration-ms="503" status="PASS">
          <reporter-output>
          </reporter-output>
        </test-method> <!-- startReport -->
        <test-method is-config="true" signature="endReport()[pri:0, instance:com.Bestbuy.utils.Reports@4b29d1d2]" started-at="2023-09-04T21:14:18 IST" name="endReport" finished-at="2023-09-04T21:14:19 IST" duration-ms="603" status="PASS">
          <reporter-output>
          </reporter-output>
        </test-method> <!-- endReport -->
      </class> <!-- com.Bestbuy.utils.Reports -->
    </test> <!-- Test -->
  </suite> <!-- Suite -->
</testng-results>
